<?xml version="1.0" encoding="UTF-8"?>
<testsuite xmlns:xsi="http://www.w3.org/2001/XMLSchema-instance" xsi:noNamespaceSchemaLocation="https://maven.apache.org/surefire/maven-surefire-plugin/xsd/surefire-test-report.xsd" name="cucumberOptions.TestRunner_b_signupuser" time="1.099" tests="5" errors="0" skipped="0" failures="0">
  <properties>
[...]
</properties>
  <testcase name="Verify signup API functionality #1" classname="Delete User" time="0.444"/>
  <testcase name="Verify signup API functionality #2" classname="Delete User" time="0.191"/>
  <testcase name="Verify signup API functionality #3" classname="Delete User" time="0.066"/>
  <testcase name="Verify signup API functionality #4" classname="Delete User" time="0.195"/>
  <testcase name="Verify signup API functionality #5" classname="Delete User" time="0.173"/>
</testsuite>